<?xml version="1.0" encoding="UTF-8"?>
<!-- Generated by org.testng.reporters.JUnitReportReporter -->
<testsuite skipped="0" hostname="DESKTOP-KL-03" name="testcases.TC004_EditLead" tests="1" failures="0" timestamp="10 May 2018 15:10:14 GMT" time="24.808" errors="0">
  <testcase name="EditLead" time="24.808" classname="testcases.TC004_EditLead"/>
</testsuite> <!-- testcases.TC004_EditLead -->
