<?xml version="1.0" encoding="UTF-8"?>
<!-- Generated by org.testng.reporters.JUnitReportReporter -->
<testsuite skipped="0" hostname="DESKTOP-KL-03" name="testcases.TC006_MergeLead" tests="1" failures="0" timestamp="11 May 2018 12:35:27 GMT" time="27.099" errors="0">
  <testcase name="EditLead" time="27.099" classname="testcases.TC006_MergeLead"/>
</testsuite> <!-- testcases.TC006_MergeLead -->
