<?xml version="1.0" encoding="UTF-8"?>
<!-- Generated by org.testng.reporters.JUnitReportReporter -->
<testsuite skipped="0" hostname="DESKTOP-KL-03" name="testcases.TC003_CreateLead" tests="1" failures="0" timestamp="10 May 2018 14:41:15 GMT" time="22.778" errors="0">
  <testcase name="CreateLead" time="22.778" classname="testcases.TC003_CreateLead"/>
</testsuite> <!-- testcases.TC003_CreateLead -->
