<?xml version="1.0" encoding="UTF-8"?>
<!-- Generated by org.testng.reporters.JUnitReportReporter -->
<testsuite skipped="0" hostname="DESKTOP-KL-03" name="testcases.TC005_DeleteLead" tests="1" failures="0" timestamp="10 May 2018 18:33:26 GMT" time="21.504" errors="0">
  <testcase name="EditLead" time="21.504" classname="testcases.TC005_DeleteLead"/>
</testsuite> <!-- testcases.TC005_DeleteLead -->
